{"/home/noah/private-projects/spezi-race-cars/src/analyzer.ts": {"path":"/home/noah/private-projects/spezi-race-cars/src/analyzer.ts","statementMap":{"0":{"start":{"line":1,"column":0},"end":{"line":1,"column":44}},"1":{"start":{"line":38,"column":20},"end":{"line":38,"column":50}},"2":{"start":{"line":40,"column":4},"end":{"line":42,"column":5}},"3":{"start":{"line":41,"column":6},"end":{"line":41,"column":35}},"4":{"start":{"line":45,"column":21},"end":{"line":45,"column":50}},"5":{"start":{"line":46,"column":20},"end":{"line":46,"column":21}},"6":{"start":{"line":47,"column":22},"end":{"line":47,"column":23}},"7":{"start":{"line":48,"column":23},"end":{"line":48,"column":24}},"8":{"start":{"line":49,"column":21},"end":{"line":49,"column":22}},"9":{"start":{"line":51,"column":4},"end":{"line":80,"column":5}},"10":{"start":{"line":52,"column":20},"end":{"line":52,"column":29}},"11":{"start":{"line":53,"column":6},"end":{"line":64,"column":7}},"12":{"start":{"line":54,"column":8},"end":{"line":63,"column":11}},"13":{"start":{"line":66,"column":20},"end":{"line":66,"column":40}},"14":{"start":{"line":67,"column":6},"end":{"line":67,"column":24}},"15":{"start":{"line":68,"column":6},"end":{"line":73,"column":7}},"16":{"start":{"line":69,"column":8},"end":{"line":69,"column":21}},"17":{"start":{"line":70,"column":8},"end":{"line":70,"column":20}},"18":{"start":{"line":72,"column":8},"end":{"line":72,"column":23}},"19":{"start":{"line":75,"column":6},"end":{"line":75,"column":91}},"20":{"start":{"line":76,"column":6},"end":{"line":76,"column":97}},"21":{"start":{"line":78,"column":6},"end":{"line":78,"column":52}},"22":{"start":{"line":78,"column":25},"end":{"line":78,"column":52}},"23":{"start":{"line":79,"column":6},"end":{"line":79,"column":31}},"24":{"start":{"line":82,"column":4},"end":{"line":82,"column":44}},"25":{"start":{"line":85,"column":23},"end":{"line":89,"column":7}},"26":{"start":{"line":85,"column":63},"end":{"line":89,"column":6}},"27":{"start":{"line":92,"column":23},"end":{"line":92,"column":55}},"28":{"start":{"line":95,"column":22},"end":{"line":95,"column":98}},"29":{"start":{"line":95,"column":45},"end":{"line":95,"column":59}},"30":{"start":{"line":95,"column":76},"end":{"line":95,"column":97}},"31":{"start":{"line":96,"column":23},"end":{"line":96,"column":99}},"32":{"start":{"line":96,"column":46},"end":{"line":96,"column":60}},"33":{"start":{"line":96,"column":77},"end":{"line":96,"column":98}},"34":{"start":{"line":97,"column":26},"end":{"line":98,"column":null}},"35":{"start":{"line":98,"column":6},"end":{"line":98,"column":61}},"36":{"start":{"line":102,"column":28},"end":{"line":107,"column":null}},"37":{"start":{"line":110,"column":4},"end":{"line":121,"column":6}},"38":{"start":{"line":115,"column":44},"end":{"line":115,"column":69}},"39":{"start":{"line":125,"column":37},"end":{"line":131,"column":6}},"40":{"start":{"line":133,"column":4},"end":{"line":142,"column":5}},"41":{"start":{"line":134,"column":20},"end":{"line":134,"column":83}},"42":{"start":{"line":134,"column":37},"end":{"line":134,"column":82}},"43":{"start":{"line":135,"column":6},"end":{"line":141,"column":7}},"44":{"start":{"line":136,"column":8},"end":{"line":136,"column":26}},"45":{"start":{"line":137,"column":8},"end":{"line":139,"column":9}},"46":{"start":{"line":138,"column":10},"end":{"line":138,"column":23}},"47":{"start":{"line":140,"column":8},"end":{"line":140,"column":99}},"48":{"start":{"line":144,"column":4},"end":{"line":147,"column":8}},"49":{"start":{"line":144,"column":28},"end":{"line":147,"column":6}},"50":{"start":{"line":157,"column":38},"end":{"line":157,"column":40}},"51":{"start":{"line":160,"column":22},"end":{"line":160,"column":35}},"52":{"start":{"line":161,"column":4},"end":{"line":163,"column":5}},"53":{"start":{"line":162,"column":6},"end":{"line":162,"column":134}},"54":{"start":{"line":165,"column":23},"end":{"line":165,"column":56}},"55":{"start":{"line":166,"column":4},"end":{"line":168,"column":5}},"56":{"start":{"line":167,"column":6},"end":{"line":167,"column":114}},"57":{"start":{"line":171,"column":26},"end":{"line":172,"column":null}},"58":{"start":{"line":172,"column":6},"end":{"line":172,"column":53}},"59":{"start":{"line":174,"column":4},"end":{"line":174,"column":146}},"60":{"start":{"line":177,"column":16},"end":{"line":177,"column":67}},"61":{"start":{"line":178,"column":4},"end":{"line":182,"column":5}},"62":{"start":{"line":179,"column":6},"end":{"line":179,"column":89}},"63":{"start":{"line":180,"column":11},"end":{"line":182,"column":5}},"64":{"start":{"line":181,"column":6},"end":{"line":181,"column":110}},"65":{"start":{"line":185,"column":20},"end":{"line":185,"column":49}},"66":{"start":{"line":186,"column":4},"end":{"line":188,"column":5}},"67":{"start":{"line":187,"column":6},"end":{"line":187,"column":109}},"68":{"start":{"line":190,"column":4},"end":{"line":190,"column":27}},"69":{"start":{"line":194,"column":4},"end":{"line":205,"column":6}},"70":{"start":{"line":209,"column":4},"end":{"line":209,"column":80}},"71":{"start":{"line":210,"column":4},"end":{"line":210,"column":78}},"72":{"start":{"line":211,"column":4},"end":{"line":211,"column":78}},"73":{"start":{"line":212,"column":4},"end":{"line":212,"column":90}},"74":{"start":{"line":213,"column":4},"end":{"line":213,"column":90}},"75":{"start":{"line":214,"column":4},"end":{"line":214,"column":102}},"76":{"start":{"line":215,"column":4},"end":{"line":215,"column":92}},"77":{"start":{"line":216,"column":4},"end":{"line":216,"column":78}},"78":{"start":{"line":218,"column":4},"end":{"line":225,"column":5}},"79":{"start":{"line":219,"column":6},"end":{"line":219,"column":80}},"80":{"start":{"line":220,"column":6},"end":{"line":224,"column":7}},"81":{"start":{"line":221,"column":8},"end":{"line":223,"column":10}},"82":{"start":{"line":227,"column":4},"end":{"line":234,"column":5}},"83":{"start":{"line":228,"column":6},"end":{"line":228,"column":80}},"84":{"start":{"line":229,"column":6},"end":{"line":233,"column":7}},"85":{"start":{"line":230,"column":8},"end":{"line":232,"column":10}},"86":{"start":{"line":236,"column":4},"end":{"line":236,"column":78}},"87":{"start":{"line":237,"column":4},"end":{"line":237,"column":78}},"88":{"start":{"line":238,"column":4},"end":{"line":243,"column":5}},"89":{"start":{"line":239,"column":20},"end":{"line":239,"column":42}},"90":{"start":{"line":240,"column":6},"end":{"line":242,"column":7}},"91":{"start":{"line":240,"column":19},"end":{"line":240,"column":20}},"92":{"start":{"line":241,"column":8},"end":{"line":241,"column":50}},"93":{"start":{"line":245,"column":4},"end":{"line":245,"column":80}},"94":{"start":{"line":249,"column":28},"end":{"line":249,"column":30}},"95":{"start":{"line":250,"column":22},"end":{"line":250,"column":24}},"96":{"start":{"line":252,"column":18},"end":{"line":252,"column":33}},"97":{"start":{"line":253,"column":4},"end":{"line":260,"column":5}},"98":{"start":{"line":254,"column":6},"end":{"line":259,"column":7}},"99":{"start":{"line":255,"column":8},"end":{"line":255,"column":55}},"100":{"start":{"line":257,"column":8},"end":{"line":257,"column":49}},"101":{"start":{"line":257,"column":25},"end":{"line":257,"column":49}},"102":{"start":{"line":258,"column":8},"end":{"line":258,"column":27}},"103":{"start":{"line":262,"column":4},"end":{"line":262,"column":45}},"104":{"start":{"line":262,"column":21},"end":{"line":262,"column":45}},"105":{"start":{"line":263,"column":4},"end":{"line":263,"column":17}},"106":{"start":{"line":36,"column":0},"end":{"line":36,"column":13}}},"fnMap":{"0":{"name":"(anonymous_0)","decl":{"start":{"line":37,"column":2},"end":{"line":37,"column":8}},"loc":{"start":{"line":37,"column":30},"end":{"line":122,"column":3}}},"1":{"name":"(anonymous_1)","decl":{"start":{"line":85,"column":57},"end":{"line":85,"column":58}},"loc":{"start":{"line":85,"column":63},"end":{"line":89,"column":6}}},"2":{"name":"(anonymous_2)","decl":{"start":{"line":95,"column":40},"end":{"line":95,"column":41}},"loc":{"start":{"line":95,"column":45},"end":{"line":95,"column":59}}},"3":{"name":"(anonymous_3)","decl":{"start":{"line":95,"column":66},"end":{"line":95,"column":67}},"loc":{"start":{"line":95,"column":76},"end":{"line":95,"column":97}}},"4":{"name":"(anonymous_4)","decl":{"start":{"line":96,"column":41},"end":{"line":96,"column":42}},"loc":{"start":{"line":96,"column":46},"end":{"line":96,"column":60}}},"5":{"name":"(anonymous_5)","decl":{"start":{"line":96,"column":67},"end":{"line":96,"column":68}},"loc":{"start":{"line":96,"column":77},"end":{"line":96,"column":98}}},"6":{"name":"(anonymous_6)","decl":{"start":{"line":97,"column":44},"end":{"line":97,"column":45}},"loc":{"start":{"line":98,"column":6},"end":{"line":98,"column":61}}},"7":{"name":"(anonymous_7)","decl":{"start":{"line":115,"column":34},"end":{"line":115,"column":35}},"loc":{"start":{"line":115,"column":44},"end":{"line":115,"column":69}}},"8":{"name":"(anonymous_8)","decl":{"start":{"line":124,"column":10},"end":{"line":124,"column":16}},"loc":{"start":{"line":124,"column":52},"end":{"line":148,"column":3}}},"9":{"name":"(anonymous_9)","decl":{"start":{"line":134,"column":32},"end":{"line":134,"column":33}},"loc":{"start":{"line":134,"column":37},"end":{"line":134,"column":82}}},"10":{"name":"(anonymous_10)","decl":{"start":{"line":144,"column":22},"end":{"line":144,"column":23}},"loc":{"start":{"line":144,"column":28},"end":{"line":147,"column":6}}},"11":{"name":"(anonymous_11)","decl":{"start":{"line":150,"column":10},"end":{"line":150,"column":16}},"loc":{"start":{"line":155,"column":23},"end":{"line":191,"column":3}}},"12":{"name":"(anonymous_12)","decl":{"start":{"line":171,"column":44},"end":{"line":171,"column":45}},"loc":{"start":{"line":172,"column":6},"end":{"line":172,"column":53}}},"13":{"name":"(anonymous_13)","decl":{"start":{"line":193,"column":10},"end":{"line":193,"column":16}},"loc":{"start":{"line":193,"column":31},"end":{"line":206,"column":3}}},"14":{"name":"(anonymous_14)","decl":{"start":{"line":208,"column":2},"end":{"line":208,"column":8}},"loc":{"start":{"line":208,"column":43},"end":{"line":246,"column":3}}},"15":{"name":"(anonymous_15)","decl":{"start":{"line":248,"column":10},"end":{"line":248,"column":16}},"loc":{"start":{"line":248,"column":56},"end":{"line":264,"column":3}}}},"branchMap":{"0":{"loc":{"start":{"line":40,"column":4},"end":{"line":42,"column":5}},"type":"if","locations":[{"start":{"line":40,"column":4},"end":{"line":42,"column":5}}]},"1":{"loc":{"start":{"line":53,"column":6},"end":{"line":64,"column":7}},"type":"if","locations":[{"start":{"line":53,"column":6},"end":{"line":64,"column":7}}]},"2":{"loc":{"start":{"line":68,"column":6},"end":{"line":73,"column":7}},"type":"if","locations":[{"start":{"line":68,"column":6},"end":{"line":73,"column":7}},{"start":{"line":71,"column":13},"end":{"line":73,"column":7}}]},"3":{"loc":{"start":{"line":78,"column":6},"end":{"line":78,"column":52}},"type":"if","locations":[{"start":{"line":78,"column":6},"end":{"line":78,"column":52}}]},"4":{"loc":{"start":{"line":98,"column":6},"end":{"line":98,"column":61}},"type":"cond-expr","locations":[{"start":{"line":98,"column":47},"end":{"line":98,"column":54}},{"start":{"line":98,"column":57},"end":{"line":98,"column":61}}]},"5":{"loc":{"start":{"line":98,"column":25},"end":{"line":98,"column":43}},"type":"binary-expr","locations":[{"start":{"line":98,"column":25},"end":{"line":98,"column":38}},{"start":{"line":98,"column":42},"end":{"line":98,"column":43}}]},"6":{"loc":{"start":{"line":119,"column":21},"end":{"line":119,"column":42}},"type":"binary-expr","locations":[{"start":{"line":119,"column":21},"end":{"line":119,"column":34}},{"start":{"line":119,"column":38},"end":{"line":119,"column":42}}]},"7":{"loc":{"start":{"line":134,"column":37},"end":{"line":134,"column":82}},"type":"binary-expr","locations":[{"start":{"line":134,"column":37},"end":{"line":134,"column":58}},{"start":{"line":134,"column":62},"end":{"line":134,"column":82}}]},"8":{"loc":{"start":{"line":135,"column":6},"end":{"line":141,"column":7}},"type":"if","locations":[{"start":{"line":135,"column":6},"end":{"line":141,"column":7}}]},"9":{"loc":{"start":{"line":137,"column":8},"end":{"line":139,"column":9}},"type":"if","locations":[{"start":{"line":137,"column":8},"end":{"line":139,"column":9}}]},"10":{"loc":{"start":{"line":146,"column":15},"end":{"line":146,"column":65}},"type":"cond-expr","locations":[{"start":{"line":146,"column":33},"end":{"line":146,"column":61}},{"start":{"line":146,"column":64},"end":{"line":146,"column":65}}]},"11":{"loc":{"start":{"line":161,"column":4},"end":{"line":163,"column":5}},"type":"if","locations":[{"start":{"line":161,"column":4},"end":{"line":163,"column":5}}]},"12":{"loc":{"start":{"line":161,"column":8},"end":{"line":161,"column":43}},"type":"binary-expr","locations":[{"start":{"line":161,"column":8},"end":{"line":161,"column":17}},{"start":{"line":161,"column":21},"end":{"line":161,"column":43}}]},"13":{"loc":{"start":{"line":166,"column":4},"end":{"line":168,"column":5}},"type":"if","locations":[{"start":{"line":166,"column":4},"end":{"line":168,"column":5}}]},"14":{"loc":{"start":{"line":166,"column":8},"end":{"line":166,"column":45}},"type":"binary-expr","locations":[{"start":{"line":166,"column":8},"end":{"line":166,"column":18}},{"start":{"line":166,"column":22},"end":{"line":166,"column":45}}]},"15":{"loc":{"start":{"line":172,"column":6},"end":{"line":172,"column":53}},"type":"cond-expr","locations":[{"start":{"line":172,"column":39},"end":{"line":172,"column":46}},{"start":{"line":172,"column":49},"end":{"line":172,"column":53}}]},"16":{"loc":{"start":{"line":178,"column":4},"end":{"line":182,"column":5}},"type":"if","locations":[{"start":{"line":178,"column":4},"end":{"line":182,"column":5}},{"start":{"line":180,"column":11},"end":{"line":182,"column":5}}]},"17":{"loc":{"start":{"line":180,"column":11},"end":{"line":182,"column":5}},"type":"if","locations":[{"start":{"line":180,"column":11},"end":{"line":182,"column":5}}]},"18":{"loc":{"start":{"line":186,"column":4},"end":{"line":188,"column":5}},"type":"if","locations":[{"start":{"line":186,"column":4},"end":{"line":188,"column":5}}]},"19":{"loc":{"start":{"line":218,"column":4},"end":{"line":225,"column":5}},"type":"if","locations":[{"start":{"line":218,"column":4},"end":{"line":225,"column":5}}]},"20":{"loc":{"start":{"line":227,"column":4},"end":{"line":234,"column":5}},"type":"if","locations":[{"start":{"line":227,"column":4},"end":{"line":234,"column":5}}]},"21":{"loc":{"start":{"line":254,"column":6},"end":{"line":259,"column":7}},"type":"if","locations":[{"start":{"line":254,"column":6},"end":{"line":259,"column":7}},{"start":{"line":256,"column":13},"end":{"line":259,"column":7}}]},"22":{"loc":{"start":{"line":255,"column":24},"end":{"line":255,"column":46}},"type":"cond-expr","locations":[{"start":{"line":255,"column":38},"end":{"line":255,"column":41}},{"start":{"line":255,"column":44},"end":{"line":255,"column":46}}]},"23":{"loc":{"start":{"line":257,"column":8},"end":{"line":257,"column":49}},"type":"if","locations":[{"start":{"line":257,"column":8},"end":{"line":257,"column":49}}]},"24":{"loc":{"start":{"line":262,"column":4},"end":{"line":262,"column":45}},"type":"if","locations":[{"start":{"line":262,"column":4},"end":{"line":262,"column":45}}]}},"s":{"0":1,"1":7,"2":7,"3":1,"4":6,"5":6,"6":6,"7":6,"8":6,"9":6,"10":19,"11":19,"12":10,"13":19,"14":19,"15":19,"16":11,"17":11,"18":8,"19":19,"20":19,"21":19,"22":6,"23":19,"24":6,"25":6,"26":10,"27":6,"28":6,"29":10,"30":1,"31":6,"32":10,"33":1,"34":6,"35":24,"36":6,"37":6,"38":4,"39":6,"40":6,"41":19,"42":56,"43":19,"44":19,"45":19,"46":11,"47":19,"48":6,"49":30,"50":6,"51":6,"52":6,"53":5,"54":6,"55":6,"56":3,"57":6,"58":24,"59":6,"60":6,"61":6,"62":4,"63":2,"64":2,"65":6,"66":6,"67":1,"68":6,"69":1,"70":0,"71":0,"72":0,"73":0,"74":0,"75":0,"76":0,"77":0,"78":0,"79":0,"80":0,"81":0,"82":0,"83":0,"84":0,"85":0,"86":0,"87":0,"88":0,"89":0,"90":0,"91":0,"92":0,"93":0,"94":0,"95":0,"96":0,"97":0,"98":0,"99":0,"100":0,"101":0,"102":0,"103":0,"104":0,"105":0,"106":1},"f":{"0":7,"1":10,"2":10,"3":1,"4":10,"5":1,"6":24,"7":4,"8":6,"9":56,"10":30,"11":6,"12":24,"13":1,"14":0,"15":0},"b":{"0":[1],"1":[10],"2":[11,8],"3":[6],"4":[5,19],"5":[24,9],"6":[6,0],"7":[56,56],"8":[19],"9":[11],"10":[10,20],"11":[5],"12":[6,6],"13":[3],"14":[6,6],"15":[5,19],"16":[4,2],"17":[2],"18":[1],"19":[0],"20":[0],"21":[0,0],"22":[0,0],"23":[0],"24":[0]}}
,"/home/noah/private-projects/spezi-race-cars/src/api-client.ts": {"path":"/home/noah/private-projects/spezi-race-cars/src/api-client.ts","statementMap":{"0":{"start":{"line":1,"column":0},"end":{"line":1,"column":45}},"1":{"start":{"line":6,"column":10},"end":{"line":6,"column":76}},"2":{"start":{"line":10,"column":4},"end":{"line":10,"column":27}},"3":{"start":{"line":11,"column":4},"end":{"line":28,"column":7}},"4":{"start":{"line":31,"column":4},"end":{"line":31,"column":67}},"5":{"start":{"line":35,"column":4},"end":{"line":61,"column":5}},"6":{"start":{"line":36,"column":21},"end":{"line":36,"column":42}},"7":{"start":{"line":37,"column":6},"end":{"line":37,"column":48}},"8":{"start":{"line":38,"column":6},"end":{"line":38,"column":46}},"9":{"start":{"line":39,"column":6},"end":{"line":39,"column":61}},"10":{"start":{"line":40,"column":6},"end":{"line":40,"column":52}},"11":{"start":{"line":41,"column":6},"end":{"line":41,"column":54}},"12":{"start":{"line":42,"column":6},"end":{"line":42,"column":57}},"13":{"start":{"line":44,"column":23},"end":{"line":44,"column":75}},"14":{"start":{"line":46,"column":6},"end":{"line":53,"column":7}},"15":{"start":{"line":47,"column":26},"end":{"line":47,"column":59}},"16":{"start":{"line":48,"column":8},"end":{"line":51,"column":9}},"17":{"start":{"line":50,"column":10},"end":{"line":50,"column":74}},"18":{"start":{"line":52,"column":8},"end":{"line":52,"column":86}},"19":{"start":{"line":55,"column":6},"end":{"line":55,"column":27}},"20":{"start":{"line":57,"column":6},"end":{"line":59,"column":7}},"21":{"start":{"line":58,"column":8},"end":{"line":58,"column":65}},"22":{"start":{"line":60,"column":6},"end":{"line":60,"column":18}},"23":{"start":{"line":4,"column":0},"end":{"line":4,"column":13}},"24":{"start":{"line":67,"column":4},"end":{"line":67,"column":19}},"25":{"start":{"line":68,"column":4},"end":{"line":68,"column":33}},"26":{"start":{"line":65,"column":0},"end":{"line":65,"column":13}}},"fnMap":{"0":{"name":"(anonymous_1)","decl":{"start":{"line":9,"column":2},"end":{"line":9,"column":14}},"loc":{"start":{"line":9,"column":29},"end":{"line":32,"column":3}}},"1":{"name":"(anonymous_2)","decl":{"start":{"line":34,"column":2},"end":{"line":34,"column":7}},"loc":{"start":{"line":34,"column":37},"end":{"line":62,"column":3}}},"2":{"name":"(anonymous_3)","decl":{"start":{"line":66,"column":2},"end":{"line":66,"column":14}},"loc":{"start":{"line":66,"column":29},"end":{"line":69,"column":3}}}},"branchMap":{"0":{"loc":{"start":{"line":46,"column":6},"end":{"line":53,"column":7}},"type":"if","locations":[{"start":{"line":46,"column":6},"end":{"line":53,"column":7}}]},"1":{"loc":{"start":{"line":48,"column":8},"end":{"line":51,"column":9}},"type":"if","locations":[{"start":{"line":48,"column":8},"end":{"line":51,"column":9}}]},"2":{"loc":{"start":{"line":52,"column":38},"end":{"line":52,"column":82}},"type":"binary-expr","locations":[{"start":{"line":52,"column":38},"end":{"line":52,"column":63}},{"start":{"line":52,"column":67},"end":{"line":52,"column":82}}]},"3":{"loc":{"start":{"line":57,"column":6},"end":{"line":59,"column":7}},"type":"if","locations":[{"start":{"line":57,"column":6},"end":{"line":59,"column":7}}]}},"s":{"0":0,"1":0,"2":0,"3":0,"4":0,"5":0,"6":0,"7":0,"8":0,"9":0,"10":0,"11":0,"12":0,"13":0,"14":0,"15":0,"16":0,"17":0,"18":0,"19":0,"20":0,"21":0,"22":0,"23":0,"24":0,"25":0,"26":0},"f":{"0":0,"1":0,"2":0},"b":{"0":[0],"1":[0],"2":[0,0],"3":[0]}}
,"/home/noah/private-projects/spezi-race-cars/src/betting-bot.ts": {"path":"/home/noah/private-projects/spezi-race-cars/src/betting-bot.ts","statementMap":{"0":{"start":{"line":1,"column":0},"end":{"line":1,"column":26}},"1":{"start":{"line":2,"column":0},"end":{"line":2,"column":57}},"2":{"start":{"line":3,"column":0},"end":{"line":3,"column":47}},"3":{"start":{"line":4,"column":0},"end":{"line":4,"column":47}},"4":{"start":{"line":5,"column":0},"end":{"line":5,"column":34}},"5":{"start":{"line":6,"column":0},"end":{"line":6,"column":38}},"6":{"start":{"line":14,"column":10},"end":{"line":14,"column":24}},"7":{"start":{"line":17,"column":4},"end":{"line":17,"column":39}},"8":{"start":{"line":18,"column":4},"end":{"line":18,"column":58}},"9":{"start":{"line":19,"column":4},"end":{"line":19,"column":58}},"10":{"start":{"line":20,"column":4},"end":{"line":20,"column":31}},"11":{"start":{"line":24,"column":4},"end":{"line":24,"column":69}},"12":{"start":{"line":25,"column":4},"end":{"line":25,"column":87}},"13":{"start":{"line":26,"column":4},"end":{"line":26,"column":73}},"14":{"start":{"line":27,"column":4},"end":{"line":27,"column":96}},"15":{"start":{"line":29,"column":24},"end":{"line":29,"column":54}},"16":{"start":{"line":30,"column":25},"end":{"line":30,"column":26}},"17":{"start":{"line":31,"column":22},"end":{"line":31,"column":26}},"18":{"start":{"line":33,"column":4},"end":{"line":150,"column":5}},"19":{"start":{"line":35,"column":6},"end":{"line":56,"column":7}},"20":{"start":{"line":36,"column":8},"end":{"line":36,"column":68}},"21":{"start":{"line":37,"column":8},"end":{"line":55,"column":9}},"22":{"start":{"line":38,"column":29},"end":{"line":45,"column":12}},"23":{"start":{"line":47,"column":10},"end":{"line":47,"column":55}},"24":{"start":{"line":48,"column":10},"end":{"line":48,"column":60}},"25":{"start":{"line":49,"column":10},"end":{"line":49,"column":55}},"26":{"start":{"line":51,"column":10},"end":{"line":51,"column":90}},"27":{"start":{"line":53,"column":10},"end":{"line":53,"column":69}},"28":{"start":{"line":54,"column":10},"end":{"line":54,"column":17}},"29":{"start":{"line":59,"column":29},"end":{"line":59,"column":59}},"30":{"start":{"line":60,"column":25},"end":{"line":60,"column":59}},"31":{"start":{"line":62,"column":6},"end":{"line":64,"column":7}},"32":{"start":{"line":63,"column":8},"end":{"line":63,"column":80}},"33":{"start":{"line":67,"column":6},"end":{"line":138,"column":7}},"34":{"start":{"line":69,"column":8},"end":{"line":72,"column":9}},"35":{"start":{"line":70,"column":10},"end":{"line":70,"column":59}},"36":{"start":{"line":71,"column":10},"end":{"line":71,"column":16}},"37":{"start":{"line":74,"column":28},"end":{"line":78,"column":null}},"38":{"start":{"line":81,"column":8},"end":{"line":85,"column":9}},"39":{"start":{"line":82,"column":10},"end":{"line":82,"column":101}},"40":{"start":{"line":83,"column":10},"end":{"line":83,"column":27}},"41":{"start":{"line":84,"column":10},"end":{"line":84,"column":19}},"42":{"start":{"line":88,"column":8},"end":{"line":92,"column":10}},"43":{"start":{"line":93,"column":8},"end":{"line":93,"column":59}},"44":{"start":{"line":95,"column":8},"end":{"line":135,"column":9}},"45":{"start":{"line":96,"column":25},"end":{"line":103,"column":12}},"46":{"start":{"line":106,"column":39},"end":{"line":116,"column":12}},"47":{"start":{"line":118,"column":10},"end":{"line":118,"column":49}},"48":{"start":{"line":119,"column":10},"end":{"line":119,"column":84}},"49":{"start":{"line":120,"column":10},"end":{"line":120,"column":51}},"50":{"start":{"line":121,"column":10},"end":{"line":121,"column":56}},"51":{"start":{"line":122,"column":10},"end":{"line":122,"column":51}},"52":{"start":{"line":124,"column":10},"end":{"line":128,"column":11}},"53":{"start":{"line":125,"column":12},"end":{"line":125,"column":105}},"54":{"start":{"line":127,"column":12},"end":{"line":127,"column":75}},"55":{"start":{"line":131,"column":10},"end":{"line":131,"column":33}},"56":{"start":{"line":133,"column":10},"end":{"line":133,"column":66}},"57":{"start":{"line":134,"column":10},"end":{"line":134,"column":16}},"58":{"start":{"line":137,"column":8},"end":{"line":137,"column":25}},"59":{"start":{"line":141,"column":6},"end":{"line":141,"column":39}},"60":{"start":{"line":144,"column":21},"end":{"line":144,"column":53}},"61":{"start":{"line":145,"column":6},"end":{"line":145,"column":35}},"62":{"start":{"line":147,"column":6},"end":{"line":147,"column":89}},"63":{"start":{"line":149,"column":6},"end":{"line":149,"column":56}},"64":{"start":{"line":154,"column":21},"end":{"line":154,"column":43}},"65":{"start":{"line":156,"column":4},"end":{"line":175,"column":5}},"66":{"start":{"line":157,"column":6},"end":{"line":165,"column":7}},"67":{"start":{"line":158,"column":8},"end":{"line":164,"column":11}},"68":{"start":{"line":167,"column":20},"end":{"line":167,"column":43}},"69":{"start":{"line":168,"column":6},"end":{"line":168,"column":24}},"70":{"start":{"line":169,"column":6},"end":{"line":173,"column":7}},"71":{"start":{"line":170,"column":8},"end":{"line":170,"column":21}},"72":{"start":{"line":172,"column":8},"end":{"line":172,"column":23}},"73":{"start":{"line":174,"column":6},"end":{"line":174,"column":91}},"74":{"start":{"line":177,"column":4},"end":{"line":181,"column":8}},"75":{"start":{"line":177,"column":51},"end":{"line":181,"column":6}},"76":{"start":{"line":189,"column":34},"end":{"line":189,"column":38}},"77":{"start":{"line":191,"column":4},"end":{"line":215,"column":5}},"78":{"start":{"line":191,"column":23},"end":{"line":191,"column":24}},"79":{"start":{"line":192,"column":6},"end":{"line":214,"column":7}},"80":{"start":{"line":193,"column":8},"end":{"line":193,"column":56}},"81":{"start":{"line":195,"column":8},"end":{"line":195,"column":35}},"82":{"start":{"line":197,"column":8},"end":{"line":213,"column":9}},"83":{"start":{"line":198,"column":10},"end":{"line":209,"column":11}},"84":{"start":{"line":199,"column":28},"end":{"line":199,"column":69}},"85":{"start":{"line":200,"column":12},"end":{"line":204,"column":14}},"86":{"start":{"line":205,"column":12},"end":{"line":205,"column":38}},"87":{"start":{"line":207,"column":12},"end":{"line":207,"column":93}},"88":{"start":{"line":208,"column":12},"end":{"line":208,"column":78}},"89":{"start":{"line":212,"column":10},"end":{"line":212,"column":22}},"90":{"start":{"line":217,"column":4},"end":{"line":217,"column":62}},"91":{"start":{"line":221,"column":4},"end":{"line":221,"column":59}},"92":{"start":{"line":221,"column":34},"end":{"line":221,"column":57}},"93":{"start":{"line":225,"column":4},"end":{"line":225,"column":40}},"94":{"start":{"line":9,"column":0},"end":{"line":9,"column":13}}},"fnMap":{"0":{"name":"(anonymous_1)","decl":{"start":{"line":16,"column":2},"end":{"line":16,"column":14}},"loc":{"start":{"line":16,"column":67},"end":{"line":21,"column":3}}},"1":{"name":"(anonymous_2)","decl":{"start":{"line":23,"column":2},"end":{"line":23,"column":7}},"loc":{"start":{"line":23,"column":11},"end":{"line":151,"column":3}}},"2":{"name":"(anonymous_3)","decl":{"start":{"line":153,"column":10},"end":{"line":153,"column":23}},"loc":{"start":{"line":153,"column":35},"end":{"line":182,"column":3}}},"3":{"name":"(anonymous_4)","decl":{"start":{"line":177,"column":45},"end":{"line":177,"column":46}},"loc":{"start":{"line":177,"column":51},"end":{"line":181,"column":6}}},"4":{"name":"(anonymous_5)","decl":{"start":{"line":184,"column":10},"end":{"line":184,"column":15}},"loc":{"start":{"line":187,"column":33},"end":{"line":218,"column":3}}},"5":{"name":"(anonymous_6)","decl":{"start":{"line":220,"column":10},"end":{"line":220,"column":15}},"loc":{"start":{"line":220,"column":26},"end":{"line":222,"column":3}}},"6":{"name":"(anonymous_7)","decl":{"start":{"line":221,"column":23},"end":{"line":221,"column":30}},"loc":{"start":{"line":221,"column":34},"end":{"line":221,"column":57}}},"7":{"name":"(anonymous_8)","decl":{"start":{"line":224,"column":2},"end":{"line":224,"column":10}},"loc":{"start":{"line":224,"column":10},"end":{"line":226,"column":3}}}},"branchMap":{"0":{"loc":{"start":{"line":29,"column":24},"end":{"line":29,"column":54}},"type":"binary-expr","locations":[{"start":{"line":29,"column":24},"end":{"line":29,"column":49}},{"start":{"line":29,"column":53},"end":{"line":29,"column":54}}]},"1":{"loc":{"start":{"line":35,"column":6},"end":{"line":56,"column":7}},"type":"if","locations":[{"start":{"line":35,"column":6},"end":{"line":56,"column":7}}]},"2":{"loc":{"start":{"line":62,"column":6},"end":{"line":64,"column":7}},"type":"if","locations":[{"start":{"line":62,"column":6},"end":{"line":64,"column":7}}]},"3":{"loc":{"start":{"line":69,"column":8},"end":{"line":72,"column":9}},"type":"if","locations":[{"start":{"line":69,"column":8},"end":{"line":72,"column":9}}]},"4":{"loc":{"start":{"line":78,"column":10},"end":{"line":78,"column":56}},"type":"cond-expr","locations":[{"start":{"line":78,"column":34},"end":{"line":78,"column":44}},{"start":{"line":78,"column":47},"end":{"line":78,"column":56}}]},"5":{"loc":{"start":{"line":81,"column":8},"end":{"line":85,"column":9}},"type":"if","locations":[{"start":{"line":81,"column":8},"end":{"line":85,"column":9}}]},"6":{"loc":{"start":{"line":124,"column":10},"end":{"line":128,"column":11}},"type":"if","locations":[{"start":{"line":124,"column":10},"end":{"line":128,"column":11}},{"start":{"line":126,"column":17},"end":{"line":128,"column":11}}]},"7":{"loc":{"start":{"line":157,"column":6},"end":{"line":165,"column":7}},"type":"if","locations":[{"start":{"line":157,"column":6},"end":{"line":165,"column":7}}]},"8":{"loc":{"start":{"line":169,"column":6},"end":{"line":173,"column":7}},"type":"if","locations":[{"start":{"line":169,"column":6},"end":{"line":173,"column":7}},{"start":{"line":171,"column":13},"end":{"line":173,"column":7}}]},"9":{"loc":{"start":{"line":186,"column":4},"end":{"line":186,"column":26}},"type":"default-arg","locations":[{"start":{"line":186,"column":25},"end":{"line":186,"column":26}}]},"10":{"loc":{"start":{"line":187,"column":4},"end":{"line":187,"column":33}},"type":"default-arg","locations":[{"start":{"line":187,"column":29},"end":{"line":187,"column":33}}]},"11":{"loc":{"start":{"line":197,"column":8},"end":{"line":213,"column":9}},"type":"if","locations":[{"start":{"line":197,"column":8},"end":{"line":213,"column":9}},{"start":{"line":210,"column":15},"end":{"line":213,"column":9}}]},"12":{"loc":{"start":{"line":198,"column":10},"end":{"line":209,"column":11}},"type":"if","locations":[{"start":{"line":198,"column":10},"end":{"line":209,"column":11}},{"start":{"line":206,"column":17},"end":{"line":209,"column":11}}]},"13":{"loc":{"start":{"line":217,"column":10},"end":{"line":217,"column":61}},"type":"binary-expr","locations":[{"start":{"line":217,"column":10},"end":{"line":217,"column":19}},{"start":{"line":217,"column":23},"end":{"line":217,"column":61}}]}},"s":{"0":0,"1":0,"2":0,"3":0,"4":0,"5":0,"6":0,"7":0,"8":0,"9":0,"10":0,"11":0,"12":0,"13":0,"14":0,"15":0,"16":0,"17":0,"18":0,"19":0,"20":0,"21":0,"22":0,"23":0,"24":0,"25":0,"26":0,"27":0,"28":0,"29":0,"30":0,"31":0,"32":0,"33":0,"34":0,"35":0,"36":0,"37":0,"38":0,"39":0,"40":0,"41":0,"42":0,"43":0,"44":0,"45":0,"46":0,"47":0,"48":0,"49":0,"50":0,"51":0,"52":0,"53":0,"54":0,"55":0,"56":0,"57":0,"58":0,"59":0,"60":0,"61":0,"62":0,"63":0,"64":0,"65":0,"66":0,"67":0,"68":0,"69":0,"70":0,"71":0,"72":0,"73":0,"74":0,"75":0,"76":0,"77":0,"78":0,"79":0,"80":0,"81":0,"82":0,"83":0,"84":0,"85":0,"86":0,"87":0,"88":0,"89":0,"90":0,"91":0,"92":0,"93":0,"94":0},"f":{"0":0,"1":0,"2":0,"3":0,"4":0,"5":0,"6":0,"7":0},"b":{"0":[0,0],"1":[0],"2":[0],"3":[0],"4":[0,0],"5":[0],"6":[0,0],"7":[0],"8":[0,0],"9":[0],"10":[0],"11":[0,0],"12":[0,0],"13":[0,0]}}
,"/home/noah/private-projects/spezi-race-cars/src/cli.ts": {"path":"/home/noah/private-projects/spezi-race-cars/src/cli.ts","statementMap":{"0":{"start":{"line":1,"column":0},"end":{"line":1,"column":26}},"1":{"start":{"line":2,"column":0},"end":{"line":2,"column":37}},"2":{"start":{"line":9,"column":4},"end":{"line":12,"column":7}},"3":{"start":{"line":16,"column":4},"end":{"line":18,"column":7}},"4":{"start":{"line":17,"column":6},"end":{"line":17,"column":42}},"5":{"start":{"line":22,"column":19},"end":{"line":22,"column":46}},"6":{"start":{"line":23,"column":16},"end":{"line":23,"column":36}},"7":{"start":{"line":24,"column":4},"end":{"line":26,"column":5}},"8":{"start":{"line":25,"column":6},"end":{"line":25,"column":31}},"9":{"start":{"line":27,"column":4},"end":{"line":27,"column":15}},"10":{"start":{"line":31,"column":4},"end":{"line":31,"column":79}},"11":{"start":{"line":34,"column":4},"end":{"line":34,"column":58}},"12":{"start":{"line":35,"column":4},"end":{"line":35,"column":52}},"13":{"start":{"line":36,"column":4},"end":{"line":36,"column":95}},"14":{"start":{"line":37,"column":4},"end":{"line":37,"column":74}},"15":{"start":{"line":38,"column":4},"end":{"line":38,"column":103}},"16":{"start":{"line":40,"column":20},"end":{"line":41,"column":null}},"17":{"start":{"line":44,"column":4},"end":{"line":46,"column":5}},"18":{"start":{"line":45,"column":6},"end":{"line":45,"column":46}},"19":{"start":{"line":49,"column":4},"end":{"line":49,"column":51}},"20":{"start":{"line":50,"column":4},"end":{"line":50,"column":64}},"21":{"start":{"line":51,"column":4},"end":{"line":51,"column":93}},"22":{"start":{"line":52,"column":4},"end":{"line":52,"column":89}},"23":{"start":{"line":54,"column":18},"end":{"line":54,"column":74}},"24":{"start":{"line":55,"column":4},"end":{"line":57,"column":5}},"25":{"start":{"line":56,"column":6},"end":{"line":56,"column":43}},"26":{"start":{"line":60,"column":4},"end":{"line":60,"column":61}},"27":{"start":{"line":61,"column":4},"end":{"line":61,"column":89}},"28":{"start":{"line":62,"column":4},"end":{"line":62,"column":71}},"29":{"start":{"line":63,"column":4},"end":{"line":63,"column":85}},"30":{"start":{"line":65,"column":19},"end":{"line":66,"column":null}},"31":{"start":{"line":68,"column":4},"end":{"line":70,"column":5}},"32":{"start":{"line":69,"column":6},"end":{"line":69,"column":45}},"33":{"start":{"line":73,"column":4},"end":{"line":73,"column":63}},"34":{"start":{"line":74,"column":21},"end":{"line":76,"column":null}},"35":{"start":{"line":80,"column":4},"end":{"line":80,"column":55}},"36":{"start":{"line":81,"column":4},"end":{"line":81,"column":72}},"37":{"start":{"line":82,"column":4},"end":{"line":82,"column":77}},"38":{"start":{"line":83,"column":4},"end":{"line":83,"column":81}},"39":{"start":{"line":85,"column":19},"end":{"line":85,"column":33}},"40":{"start":{"line":86,"column":27},"end":{"line":87,"column":null}},"41":{"start":{"line":89,"column":19},"end":{"line":89,"column":47}},"42":{"start":{"line":90,"column":4},"end":{"line":91,"column":46}},"43":{"start":{"line":90,"column":22},"end":{"line":90,"column":42}},"44":{"start":{"line":91,"column":9},"end":{"line":91,"column":46}},"45":{"start":{"line":91,"column":27},"end":{"line":91,"column":46}},"46":{"start":{"line":94,"column":28},"end":{"line":96,"column":null}},"47":{"start":{"line":100,"column":4},"end":{"line":100,"column":76}},"48":{"start":{"line":101,"column":20},"end":{"line":103,"column":null}},"49":{"start":{"line":105,"column":20},"end":{"line":107,"column":null}},"50":{"start":{"line":110,"column":43},"end":{"line":115,"column":6}},"51":{"start":{"line":117,"column":41},"end":{"line":123,"column":6}},"52":{"start":{"line":125,"column":4},"end":{"line":125,"column":25}},"53":{"start":{"line":129,"column":4},"end":{"line":129,"column":59}},"54":{"start":{"line":130,"column":4},"end":{"line":130,"column":90}},"55":{"start":{"line":131,"column":4},"end":{"line":131,"column":109}},"56":{"start":{"line":132,"column":4},"end":{"line":132,"column":149}},"57":{"start":{"line":133,"column":4},"end":{"line":133,"column":87}},"58":{"start":{"line":134,"column":4},"end":{"line":134,"column":20}},"59":{"start":{"line":138,"column":4},"end":{"line":138,"column":20}},"60":{"start":{"line":5,"column":0},"end":{"line":5,"column":13}}},"fnMap":{"0":{"name":"(anonymous_10)","decl":{"start":{"line":8,"column":2},"end":{"line":8,"column":null}},"loc":{"start":{"line":8,"column":2},"end":{"line":13,"column":3}}},"1":{"name":"(anonymous_11)","decl":{"start":{"line":15,"column":2},"end":{"line":15,"column":7}},"loc":{"start":{"line":15,"column":31},"end":{"line":19,"column":3}}},"2":{"name":"(anonymous_12)","decl":{"start":{"line":16,"column":23},"end":{"line":16,"column":30}},"loc":{"start":{"line":16,"column":33},"end":{"line":18,"column":5}}},"3":{"name":"(anonymous_13)","decl":{"start":{"line":21,"column":2},"end":{"line":21,"column":7}},"loc":{"start":{"line":21,"column":60},"end":{"line":28,"column":3}}},"4":{"name":"(anonymous_14)","decl":{"start":{"line":30,"column":2},"end":{"line":30,"column":7}},"loc":{"start":{"line":30,"column":24},"end":{"line":126,"column":3}}},"5":{"name":"(anonymous_15)","decl":{"start":{"line":128,"column":2},"end":{"line":128,"column":15}},"loc":{"start":{"line":128,"column":37},"end":{"line":135,"column":3}}},"6":{"name":"(anonymous_16)","decl":{"start":{"line":137,"column":2},"end":{"line":137,"column":7}},"loc":{"start":{"line":137,"column":7},"end":{"line":139,"column":3}}}},"branchMap":{"0":{"loc":{"start":{"line":24,"column":4},"end":{"line":26,"column":5}},"type":"if","locations":[{"start":{"line":24,"column":4},"end":{"line":26,"column":5}}]},"1":{"loc":{"start":{"line":25,"column":13},"end":{"line":25,"column":30}},"type":"binary-expr","locations":[{"start":{"line":25,"column":13},"end":{"line":25,"column":25}},{"start":{"line":25,"column":29},"end":{"line":25,"column":30}}]},"2":{"loc":{"start":{"line":44,"column":4},"end":{"line":46,"column":5}},"type":"if","locations":[{"start":{"line":44,"column":4},"end":{"line":46,"column":5}}]},"3":{"loc":{"start":{"line":55,"column":4},"end":{"line":57,"column":5}},"type":"if","locations":[{"start":{"line":55,"column":4},"end":{"line":57,"column":5}}]},"4":{"loc":{"start":{"line":68,"column":4},"end":{"line":70,"column":5}},"type":"if","locations":[{"start":{"line":68,"column":4},"end":{"line":70,"column":5}}]},"5":{"loc":{"start":{"line":90,"column":4},"end":{"line":91,"column":46}},"type":"if","locations":[{"start":{"line":90,"column":4},"end":{"line":91,"column":46}},{"start":{"line":91,"column":9},"end":{"line":91,"column":46}}]},"6":{"loc":{"start":{"line":91,"column":9},"end":{"line":91,"column":46}},"type":"if","locations":[{"start":{"line":91,"column":9},"end":{"line":91,"column":46}}]}},"s":{"0":0,"1":0,"2":0,"3":0,"4":0,"5":0,"6":0,"7":0,"8":0,"9":0,"10":0,"11":0,"12":0,"13":0,"14":0,"15":0,"16":0,"17":0,"18":0,"19":0,"20":0,"21":0,"22":0,"23":0,"24":0,"25":0,"26":0,"27":0,"28":0,"29":0,"30":0,"31":0,"32":0,"33":0,"34":0,"35":0,"36":0,"37":0,"38":0,"39":0,"40":0,"41":0,"42":0,"43":0,"44":0,"45":0,"46":0,"47":0,"48":0,"49":0,"50":0,"51":0,"52":0,"53":0,"54":0,"55":0,"56":0,"57":0,"58":0,"59":0,"60":0},"f":{"0":0,"1":0,"2":0,"3":0,"4":0,"5":0,"6":0},"b":{"0":[0],"1":[0,0],"2":[0],"3":[0],"4":[0],"5":[0,0],"6":[0]}}
,"/home/noah/private-projects/spezi-race-cars/src/logger.ts": {"path":"/home/noah/private-projects/spezi-race-cars/src/logger.ts","statementMap":{"0":{"start":{"line":1,"column":0},"end":{"line":1,"column":25}},"1":{"start":{"line":2,"column":0},"end":{"line":2,"column":29}},"2":{"start":{"line":23,"column":4},"end":{"line":23,"column":68}},"3":{"start":{"line":24,"column":4},"end":{"line":24,"column":60}},"4":{"start":{"line":25,"column":4},"end":{"line":25,"column":76}},"5":{"start":{"line":28,"column":4},"end":{"line":30,"column":5}},"6":{"start":{"line":29,"column":6},"end":{"line":29,"column":53}},"7":{"start":{"line":33,"column":4},"end":{"line":33,"column":64}},"8":{"start":{"line":37,"column":28},"end":{"line":47,"column":6}},"9":{"start":{"line":49,"column":4},"end":{"line":55,"column":5}},"10":{"start":{"line":50,"column":19},"end":{"line":50,"column":69}},"11":{"start":{"line":51,"column":6},"end":{"line":51,"column":23}},"12":{"start":{"line":52,"column":6},"end":{"line":52,"column":68}},"13":{"start":{"line":54,"column":6},"end":{"line":54,"column":49}},"14":{"start":{"line":59,"column":4},"end":{"line":59,"column":24}},"15":{"start":{"line":63,"column":4},"end":{"line":67,"column":5}},"16":{"start":{"line":64,"column":6},"end":{"line":64,"column":64}},"17":{"start":{"line":66,"column":6},"end":{"line":66,"column":16}},"18":{"start":{"line":74,"column":19},"end":{"line":74,"column":60}},"19":{"start":{"line":75,"column":4},"end":{"line":77,"column":5}},"20":{"start":{"line":76,"column":6},"end":{"line":76,"column":16}},"21":{"start":{"line":78,"column":4},"end":{"line":81,"column":38}},"22":{"start":{"line":80,"column":19},"end":{"line":80,"column":66}},"23":{"start":{"line":81,"column":16},"end":{"line":81,"column":36}},"24":{"start":{"line":88,"column":21},"end":{"line":88,"column":44}},"25":{"start":{"line":89,"column":32},"end":{"line":89,"column":34}},"26":{"start":{"line":91,"column":4},"end":{"line":98,"column":5}},"27":{"start":{"line":92,"column":6},"end":{"line":97,"column":7}},"28":{"start":{"line":93,"column":21},"end":{"line":93,"column":66}},"29":{"start":{"line":94,"column":8},"end":{"line":94,"column":30}},"30":{"start":{"line":96,"column":8},"end":{"line":96,"column":66}},"31":{"start":{"line":100,"column":4},"end":{"line":100,"column":19}},"32":{"start":{"line":17,"column":0},"end":{"line":17,"column":13}}},"fnMap":{"0":{"name":"(anonymous_9)","decl":{"start":{"line":22,"column":2},"end":{"line":22,"column":null}},"loc":{"start":{"line":22,"column":2},"end":{"line":34,"column":3}}},"1":{"name":"(anonymous_10)","decl":{"start":{"line":36,"column":2},"end":{"line":36,"column":8}},"loc":{"start":{"line":36,"column":41},"end":{"line":56,"column":3}}},"2":{"name":"(anonymous_11)","decl":{"start":{"line":58,"column":2},"end":{"line":58,"column":12}},"loc":{"start":{"line":58,"column":12},"end":{"line":60,"column":3}}},"3":{"name":"(anonymous_12)","decl":{"start":{"line":62,"column":2},"end":{"line":62,"column":12}},"loc":{"start":{"line":62,"column":12},"end":{"line":68,"column":3}}},"4":{"name":"(anonymous_13)","decl":{"start":{"line":73,"column":2},"end":{"line":73,"column":8}},"loc":{"start":{"line":73,"column":23},"end":{"line":82,"column":3}}},"5":{"name":"(anonymous_14)","decl":{"start":{"line":80,"column":14},"end":{"line":80,"column":15}},"loc":{"start":{"line":80,"column":19},"end":{"line":80,"column":66}}},"6":{"name":"(anonymous_15)","decl":{"start":{"line":81,"column":11},"end":{"line":81,"column":12}},"loc":{"start":{"line":81,"column":16},"end":{"line":81,"column":36}}},"7":{"name":"(anonymous_16)","decl":{"start":{"line":87,"column":2},"end":{"line":87,"column":8}},"loc":{"start":{"line":87,"column":30},"end":{"line":101,"column":3}}}},"branchMap":{"0":{"loc":{"start":{"line":28,"column":4},"end":{"line":30,"column":5}},"type":"if","locations":[{"start":{"line":28,"column":4},"end":{"line":30,"column":5}}]},"1":{"loc":{"start":{"line":75,"column":4},"end":{"line":77,"column":5}},"type":"if","locations":[{"start":{"line":75,"column":4},"end":{"line":77,"column":5}}]},"2":{"loc":{"start":{"line":80,"column":19},"end":{"line":80,"column":66}},"type":"binary-expr","locations":[{"start":{"line":80,"column":19},"end":{"line":80,"column":43}},{"start":{"line":80,"column":47},"end":{"line":80,"column":66}}]}},"s":{"0":2,"1":2,"2":7,"3":7,"4":7,"5":7,"6":0,"7":7,"8":7,"9":7,"10":7,"11":7,"12":7,"13":0,"14":8,"15":5,"16":5,"17":0,"18":2,"19":2,"20":0,"21":2,"22":3,"23":3,"24":1,"25":1,"26":1,"27":1,"28":1,"29":1,"30":0,"31":1,"32":2},"f":{"0":7,"1":7,"2":8,"3":5,"4":2,"5":3,"6":3,"7":1},"b":{"0":[0],"1":[0],"2":[3,3]}}
,"/home/noah/private-projects/spezi-race-cars/src/stats-tracker.ts": {"path":"/home/noah/private-projects/spezi-race-cars/src/stats-tracker.ts","statementMap":{"0":{"start":{"line":7,"column":4},"end":{"line":18,"column":6}},"1":{"start":{"line":22,"column":4},"end":{"line":22,"column":28}},"2":{"start":{"line":24,"column":4},"end":{"line":28,"column":5}},"3":{"start":{"line":25,"column":6},"end":{"line":25,"column":29}},"4":{"start":{"line":27,"column":6},"end":{"line":27,"column":31}},"5":{"start":{"line":30,"column":4},"end":{"line":30,"column":46}},"6":{"start":{"line":31,"column":4},"end":{"line":31,"column":41}},"7":{"start":{"line":32,"column":4},"end":{"line":32,"column":47}},"8":{"start":{"line":33,"column":4},"end":{"line":33,"column":82}},"9":{"start":{"line":34,"column":4},"end":{"line":34,"column":79}},"10":{"start":{"line":36,"column":4},"end":{"line":36,"column":30}},"11":{"start":{"line":40,"column":4},"end":{"line":40,"column":29}},"12":{"start":{"line":44,"column":4},"end":{"line":44,"column":46}},"13":{"start":{"line":44,"column":37},"end":{"line":44,"column":46}},"14":{"start":{"line":45,"column":4},"end":{"line":45,"column":64}},"15":{"start":{"line":49,"column":4},"end":{"line":49,"column":45}},"16":{"start":{"line":49,"column":36},"end":{"line":49,"column":45}},"17":{"start":{"line":50,"column":4},"end":{"line":50,"column":57}},"18":{"start":{"line":54,"column":4},"end":{"line":54,"column":46}},"19":{"start":{"line":54,"column":37},"end":{"line":54,"column":46}},"20":{"start":{"line":55,"column":4},"end":{"line":55,"column":58}},"21":{"start":{"line":59,"column":18},"end":{"line":59,"column":28}},"22":{"start":{"line":60,"column":4},"end":{"line":60,"column":64}},"23":{"start":{"line":61,"column":4},"end":{"line":61,"column":62}},"24":{"start":{"line":62,"column":4},"end":{"line":62,"column":62}},"25":{"start":{"line":63,"column":4},"end":{"line":63,"column":86}},"26":{"start":{"line":64,"column":4},"end":{"line":64,"column":85}},"27":{"start":{"line":65,"column":4},"end":{"line":65,"column":87}},"28":{"start":{"line":66,"column":4},"end":{"line":66,"column":94}},"29":{"start":{"line":67,"column":4},"end":{"line":67,"column":62}},"30":{"start":{"line":68,"column":4},"end":{"line":68,"column":91}},"31":{"start":{"line":69,"column":4},"end":{"line":69,"column":90}},"32":{"start":{"line":70,"column":4},"end":{"line":70,"column":87}},"33":{"start":{"line":71,"column":4},"end":{"line":71,"column":87}},"34":{"start":{"line":72,"column":4},"end":{"line":72,"column":62}},"35":{"start":{"line":73,"column":4},"end":{"line":73,"column":85}},"36":{"start":{"line":74,"column":4},"end":{"line":74,"column":86}},"37":{"start":{"line":75,"column":4},"end":{"line":75,"column":64}},"38":{"start":{"line":3,"column":0},"end":{"line":3,"column":13}}},"fnMap":{"0":{"name":"(anonymous_0)","decl":{"start":{"line":6,"column":2},"end":{"line":6,"column":14}},"loc":{"start":{"line":6,"column":37},"end":{"line":19,"column":3}}},"1":{"name":"(anonymous_1)","decl":{"start":{"line":21,"column":2},"end":{"line":21,"column":11}},"loc":{"start":{"line":21,"column":26},"end":{"line":37,"column":3}}},"2":{"name":"(anonymous_2)","decl":{"start":{"line":39,"column":2},"end":{"line":39,"column":10}},"loc":{"start":{"line":39,"column":10},"end":{"line":41,"column":3}}},"3":{"name":"(anonymous_3)","decl":{"start":{"line":43,"column":2},"end":{"line":43,"column":12}},"loc":{"start":{"line":43,"column":12},"end":{"line":46,"column":3}}},"4":{"name":"(anonymous_4)","decl":{"start":{"line":48,"column":2},"end":{"line":48,"column":18}},"loc":{"start":{"line":48,"column":18},"end":{"line":51,"column":3}}},"5":{"name":"(anonymous_5)","decl":{"start":{"line":53,"column":2},"end":{"line":53,"column":17}},"loc":{"start":{"line":53,"column":17},"end":{"line":56,"column":3}}},"6":{"name":"(anonymous_6)","decl":{"start":{"line":58,"column":2},"end":{"line":58,"column":14}},"loc":{"start":{"line":58,"column":14},"end":{"line":76,"column":3}}}},"branchMap":{"0":{"loc":{"start":{"line":24,"column":4},"end":{"line":28,"column":5}},"type":"if","locations":[{"start":{"line":24,"column":4},"end":{"line":28,"column":5}},{"start":{"line":26,"column":11},"end":{"line":28,"column":5}}]},"1":{"loc":{"start":{"line":44,"column":4},"end":{"line":44,"column":46}},"type":"if","locations":[{"start":{"line":44,"column":4},"end":{"line":44,"column":46}}]},"2":{"loc":{"start":{"line":49,"column":4},"end":{"line":49,"column":45}},"type":"if","locations":[{"start":{"line":49,"column":4},"end":{"line":49,"column":45}}]},"3":{"loc":{"start":{"line":54,"column":4},"end":{"line":54,"column":46}},"type":"if","locations":[{"start":{"line":54,"column":4},"end":{"line":54,"column":46}}]}},"s":{"0":0,"1":0,"2":0,"3":0,"4":0,"5":0,"6":0,"7":0,"8":0,"9":0,"10":0,"11":0,"12":0,"13":0,"14":0,"15":0,"16":0,"17":0,"18":0,"19":0,"20":0,"21":0,"22":0,"23":0,"24":0,"25":0,"26":0,"27":0,"28":0,"29":0,"30":0,"31":0,"32":0,"33":0,"34":0,"35":0,"36":0,"37":0,"38":0},"f":{"0":0,"1":0,"2":0,"3":0,"4":0,"5":0,"6":0},"b":{"0":[0,0],"1":[0],"2":[0],"3":[0]}}
,"/home/noah/private-projects/spezi-race-cars/src/strategies.ts": {"path":"/home/noah/private-projects/spezi-race-cars/src/strategies.ts","statementMap":{"0":{"start":{"line":18,"column":4},"end":{"line":18,"column":20}},"1":{"start":{"line":30,"column":20},"end":{"line":30,"column":28}},"2":{"start":{"line":31,"column":38},"end":{"line":31,"column":40}},"3":{"start":{"line":33,"column":4},"end":{"line":58,"column":5}},"4":{"start":{"line":34,"column":20},"end":{"line":34,"column":38}},"5":{"start":{"line":35,"column":26},"end":{"line":35,"column":63}},"6":{"start":{"line":36,"column":28},"end":{"line":36,"column":71}},"7":{"start":{"line":39,"column":6},"end":{"line":41,"column":7}},"8":{"start":{"line":40,"column":8},"end":{"line":40,"column":17}},"9":{"start":{"line":44,"column":24},"end":{"line":44,"column":64}},"10":{"start":{"line":44,"column":46},"end":{"line":44,"column":63}},"11":{"start":{"line":45,"column":32},"end":{"line":45,"column":74}},"12":{"start":{"line":48,"column":34},"end":{"line":48,"column":66}},"13":{"start":{"line":49,"column":25},"end":{"line":49,"column":84}},"14":{"start":{"line":51,"column":6},"end":{"line":57,"column":9}},"15":{"start":{"line":60,"column":4},"end":{"line":62,"column":5}},"16":{"start":{"line":61,"column":6},"end":{"line":61,"column":18}},"17":{"start":{"line":65,"column":4},"end":{"line":85,"column":5}},"18":{"start":{"line":68,"column":8},"end":{"line":68,"column":51}},"19":{"start":{"line":68,"column":34},"end":{"line":68,"column":49}},"20":{"start":{"line":69,"column":8},"end":{"line":69,"column":14}},"21":{"start":{"line":73,"column":8},"end":{"line":77,"column":11}},"22":{"start":{"line":74,"column":25},"end":{"line":74,"column":87}},"23":{"start":{"line":75,"column":25},"end":{"line":75,"column":87}},"24":{"start":{"line":76,"column":10},"end":{"line":76,"column":33}},"25":{"start":{"line":78,"column":8},"end":{"line":78,"column":14}},"26":{"start":{"line":83,"column":8},"end":{"line":83,"column":51}},"27":{"start":{"line":83,"column":34},"end":{"line":83,"column":49}},"28":{"start":{"line":84,"column":8},"end":{"line":84,"column":14}},"29":{"start":{"line":87,"column":17},"end":{"line":87,"column":30}},"30":{"start":{"line":88,"column":18},"end":{"line":88,"column":58}},"31":{"start":{"line":89,"column":4},"end":{"line":89,"column":48}},"32":{"start":{"line":91,"column":4},"end":{"line":91,"column":16}},"33":{"start":{"line":99,"column":14},"end":{"line":99,"column":22}},"34":{"start":{"line":100,"column":14},"end":{"line":100,"column":29}},"35":{"start":{"line":101,"column":21},"end":{"line":101,"column":46}},"36":{"start":{"line":102,"column":4},"end":{"line":102,"column":49}},"37":{"start":{"line":109,"column":16},"end":{"line":109,"column":42}},"38":{"start":{"line":110,"column":17},"end":{"line":110,"column":43}},"39":{"start":{"line":111,"column":4},"end":{"line":111,"column":22}},"40":{"start":{"line":12,"column":0},"end":{"line":12,"column":13}}},"fnMap":{"0":{"name":"(anonymous_0)","decl":{"start":{"line":17,"column":2},"end":{"line":17,"column":8}},"loc":{"start":{"line":17,"column":43},"end":{"line":19,"column":3}}},"1":{"name":"(anonymous_1)","decl":{"start":{"line":24,"column":2},"end":{"line":24,"column":8}},"loc":{"start":{"line":28,"column":29},"end":{"line":92,"column":3}}},"2":{"name":"(anonymous_2)","decl":{"start":{"line":44,"column":41},"end":{"line":44,"column":42}},"loc":{"start":{"line":44,"column":46},"end":{"line":44,"column":63}}},"3":{"name":"(anonymous_3)","decl":{"start":{"line":68,"column":24},"end":{"line":68,"column":25}},"loc":{"start":{"line":68,"column":34},"end":{"line":68,"column":49}}},"4":{"name":"(anonymous_4)","decl":{"start":{"line":73,"column":24},"end":{"line":73,"column":25}},"loc":{"start":{"line":73,"column":33},"end":{"line":77,"column":9}}},"5":{"name":"(anonymous_5)","decl":{"start":{"line":83,"column":24},"end":{"line":83,"column":25}},"loc":{"start":{"line":83,"column":34},"end":{"line":83,"column":49}}},"6":{"name":"(anonymous_6)","decl":{"start":{"line":98,"column":10},"end":{"line":98,"column":16}},"loc":{"start":{"line":98,"column":64},"end":{"line":103,"column":3}}},"7":{"name":"(anonymous_7)","decl":{"start":{"line":108,"column":2},"end":{"line":108,"column":8}},"loc":{"start":{"line":108,"column":80},"end":{"line":112,"column":3}}}},"branchMap":{"0":{"loc":{"start":{"line":39,"column":6},"end":{"line":41,"column":7}},"type":"if","locations":[{"start":{"line":39,"column":6},"end":{"line":41,"column":7}}]},"1":{"loc":{"start":{"line":39,"column":10},"end":{"line":39,"column":84}},"type":"binary-expr","locations":[{"start":{"line":39,"column":10},"end":{"line":39,"column":45}},{"start":{"line":39,"column":49},"end":{"line":39,"column":84}}]},"2":{"loc":{"start":{"line":45,"column":32},"end":{"line":45,"column":74}},"type":"cond-expr","locations":[{"start":{"line":45,"column":44},"end":{"line":45,"column":67}},{"start":{"line":45,"column":70},"end":{"line":45,"column":74}}]},"3":{"loc":{"start":{"line":48,"column":34},"end":{"line":48,"column":66}},"type":"binary-expr","locations":[{"start":{"line":48,"column":34},"end":{"line":48,"column":51}},{"start":{"line":48,"column":55},"end":{"line":48,"column":66}}]},"4":{"loc":{"start":{"line":56,"column":104},"end":{"line":56,"column":144}},"type":"cond-expr","locations":[{"start":{"line":56,"column":124},"end":{"line":56,"column":139}},{"start":{"line":56,"column":142},"end":{"line":56,"column":144}}]},"5":{"loc":{"start":{"line":60,"column":4},"end":{"line":62,"column":5}},"type":"if","locations":[{"start":{"line":60,"column":4},"end":{"line":62,"column":5}}]},"6":{"loc":{"start":{"line":65,"column":4},"end":{"line":85,"column":5}},"type":"switch","locations":[{"start":{"line":66,"column":6},"end":{"line":69,"column":14}},{"start":{"line":71,"column":6},"end":{"line":78,"column":14}},{"start":{"line":80,"column":6},"end":{"line":80,"column":26}},{"start":{"line":81,"column":6},"end":{"line":84,"column":14}}]}},"s":{"0":32,"1":7,"2":7,"3":7,"4":28,"5":28,"6":28,"7":28,"8":4,"9":24,"10":7,"11":24,"12":24,"13":24,"14":24,"15":7,"16":1,"17":6,"18":1,"19":3,"20":1,"21":0,"22":0,"23":0,"24":0,"25":0,"26":5,"27":15,"28":5,"29":6,"30":6,"31":6,"32":6,"33":0,"34":0,"35":0,"36":0,"37":3,"38":3,"39":3,"40":1},"f":{"0":32,"1":7,"2":7,"3":3,"4":0,"5":15,"6":0,"7":3},"b":{"0":[4],"1":[28,24],"2":[2,22],"3":[24,22],"4":[2,22],"5":[1],"6":[1,0,5,5]}}
}
