TN:
SF:src/analyzer.ts
FN:37,(anonymous_0)
FN:85,(anonymous_1)
FN:95,(anonymous_2)
FN:95,(anonymous_3)
FN:96,(anonymous_4)
FN:96,(anonymous_5)
FN:97,(anonymous_6)
FN:115,(anonymous_7)
FN:124,(anonymous_8)
FN:134,(anonymous_9)
FN:144,(anonymous_10)
FN:150,(anonymous_11)
FN:171,(anonymous_12)
FN:193,(anonymous_13)
FN:208,(anonymous_14)
FN:248,(anonymous_15)
FNF:16
FNH:14
FNDA:7,(anonymous_0)
FNDA:10,(anonymous_1)
FNDA:10,(anonymous_2)
FNDA:1,(anonymous_3)
FNDA:10,(anonymous_4)
FNDA:1,(anonymous_5)
FNDA:24,(anonymous_6)
FNDA:4,(anonymous_7)
FNDA:6,(anonymous_8)
FNDA:56,(anonymous_9)
FNDA:30,(anonymous_10)
FNDA:6,(anonymous_11)
FNDA:24,(anonymous_12)
FNDA:1,(anonymous_13)
FNDA:0,(anonymous_14)
FNDA:0,(anonymous_15)
DA:1,1
DA:36,1
DA:38,7
DA:40,7
DA:41,1
DA:45,6
DA:46,6
DA:47,6
DA:48,6
DA:49,6
DA:51,6
DA:52,19
DA:53,19
DA:54,10
DA:66,19
DA:67,19
DA:68,19
DA:69,11
DA:70,11
DA:72,8
DA:75,19
DA:76,19
DA:78,19
DA:79,19
DA:82,6
DA:85,10
DA:92,6
DA:95,10
DA:96,10
DA:97,6
DA:98,24
DA:102,6
DA:110,6
DA:115,4
DA:125,6
DA:133,6
DA:134,56
DA:135,19
DA:136,19
DA:137,19
DA:138,11
DA:140,19
DA:144,30
DA:157,6
DA:160,6
DA:161,6
DA:162,5
DA:165,6
DA:166,6
DA:167,3
DA:171,6
DA:172,24
DA:174,6
DA:177,6
DA:178,6
DA:179,4
DA:180,2
DA:181,2
DA:185,6
DA:186,6
DA:187,1
DA:190,6
DA:194,1
DA:209,0
DA:210,0
DA:211,0
DA:212,0
DA:213,0
DA:214,0
DA:215,0
DA:216,0
DA:218,0
DA:219,0
DA:220,0
DA:221,0
DA:227,0
DA:228,0
DA:229,0
DA:230,0
DA:236,0
DA:237,0
DA:238,0
DA:239,0
DA:240,0
DA:241,0
DA:245,0
DA:249,0
DA:250,0
DA:252,0
DA:253,0
DA:254,0
DA:255,0
DA:257,0
DA:258,0
DA:262,0
DA:263,0
LF:96
LH:63
BRDA:40,0,0,1
BRDA:53,1,0,10
BRDA:68,2,0,11
BRDA:68,2,1,8
BRDA:78,3,0,6
BRDA:98,4,0,5
BRDA:98,4,1,19
BRDA:98,5,0,24
BRDA:98,5,1,9
BRDA:119,6,0,6
BRDA:119,6,1,0
BRDA:134,7,0,56
BRDA:134,7,1,56
BRDA:135,8,0,19
BRDA:137,9,0,11
BRDA:146,10,0,10
BRDA:146,10,1,20
BRDA:161,11,0,5
BRDA:161,12,0,6
BRDA:161,12,1,6
BRDA:166,13,0,3
BRDA:166,14,0,6
BRDA:166,14,1,6
BRDA:172,15,0,5
BRDA:172,15,1,19
BRDA:178,16,0,4
BRDA:178,16,1,2
BRDA:180,17,0,2
BRDA:186,18,0,1
BRDA:218,19,0,0
BRDA:227,20,0,0
BRDA:254,21,0,0
BRDA:254,21,1,0
BRDA:255,22,0,0
BRDA:255,22,1,0
BRDA:257,23,0,0
BRDA:262,24,0,0
BRF:37
BRH:28
end_of_record
TN:
SF:src/api-client.ts
FN:9,(anonymous_1)
FN:34,(anonymous_2)
FN:66,(anonymous_3)
FNF:3
FNH:0
FNDA:0,(anonymous_1)
FNDA:0,(anonymous_2)
FNDA:0,(anonymous_3)
DA:1,0
DA:4,0
DA:6,0
DA:10,0
DA:11,0
DA:31,0
DA:35,0
DA:36,0
DA:37,0
DA:38,0
DA:39,0
DA:40,0
DA:41,0
DA:42,0
DA:44,0
DA:46,0
DA:47,0
DA:48,0
DA:50,0
DA:52,0
DA:55,0
DA:57,0
DA:58,0
DA:60,0
DA:65,0
DA:67,0
DA:68,0
LF:27
LH:0
BRDA:46,0,0,0
BRDA:48,1,0,0
BRDA:52,2,0,0
BRDA:52,2,1,0
BRDA:57,3,0,0
BRF:5
BRH:0
end_of_record
TN:
SF:src/betting-bot.ts
FN:16,(anonymous_1)
FN:23,(anonymous_2)
FN:153,(anonymous_3)
FN:177,(anonymous_4)
FN:184,(anonymous_5)
FN:220,(anonymous_6)
FN:221,(anonymous_7)
FN:224,(anonymous_8)
FNF:8
FNH:0
FNDA:0,(anonymous_1)
FNDA:0,(anonymous_2)
FNDA:0,(anonymous_3)
FNDA:0,(anonymous_4)
FNDA:0,(anonymous_5)
FNDA:0,(anonymous_6)
FNDA:0,(anonymous_7)
FNDA:0,(anonymous_8)
DA:1,0
DA:2,0
DA:3,0
DA:4,0
DA:5,0
DA:6,0
DA:9,0
DA:14,0
DA:17,0
DA:18,0
DA:19,0
DA:20,0
DA:24,0
DA:25,0
DA:26,0
DA:27,0
DA:29,0
DA:30,0
DA:31,0
DA:33,0
DA:35,0
DA:36,0
DA:37,0
DA:38,0
DA:47,0
DA:48,0
DA:49,0
DA:51,0
DA:53,0
DA:54,0
DA:59,0
DA:60,0
DA:62,0
DA:63,0
DA:67,0
DA:69,0
DA:70,0
DA:71,0
DA:74,0
DA:81,0
DA:82,0
DA:83,0
DA:84,0
DA:88,0
DA:93,0
DA:95,0
DA:96,0
DA:106,0
DA:118,0
DA:119,0
DA:120,0
DA:121,0
DA:122,0
DA:124,0
DA:125,0
DA:127,0
DA:131,0
DA:133,0
DA:134,0
DA:137,0
DA:141,0
DA:144,0
DA:145,0
DA:147,0
DA:149,0
DA:154,0
DA:156,0
DA:157,0
DA:158,0
DA:167,0
DA:168,0
DA:169,0
DA:170,0
DA:172,0
DA:174,0
DA:177,0
DA:189,0
DA:191,0
DA:192,0
DA:193,0
DA:195,0
DA:197,0
DA:198,0
DA:199,0
DA:200,0
DA:205,0
DA:207,0
DA:208,0
DA:212,0
DA:217,0
DA:221,0
DA:225,0
LF:92
LH:0
BRDA:29,0,0,0
BRDA:29,0,1,0
BRDA:35,1,0,0
BRDA:62,2,0,0
BRDA:69,3,0,0
BRDA:78,4,0,0
BRDA:78,4,1,0
BRDA:81,5,0,0
BRDA:124,6,0,0
BRDA:124,6,1,0
BRDA:157,7,0,0
BRDA:169,8,0,0
BRDA:169,8,1,0
BRDA:186,9,0,0
BRDA:187,10,0,0
BRDA:197,11,0,0
BRDA:197,11,1,0
BRDA:198,12,0,0
BRDA:198,12,1,0
BRDA:217,13,0,0
BRDA:217,13,1,0
BRF:21
BRH:0
end_of_record
TN:
SF:src/cli.ts
FN:8,(anonymous_10)
FN:15,(anonymous_11)
FN:16,(anonymous_12)
FN:21,(anonymous_13)
FN:30,(anonymous_14)
FN:128,(anonymous_15)
FN:137,(anonymous_16)
FNF:7
FNH:0
FNDA:0,(anonymous_10)
FNDA:0,(anonymous_11)
FNDA:0,(anonymous_12)
FNDA:0,(anonymous_13)
FNDA:0,(anonymous_14)
FNDA:0,(anonymous_15)
FNDA:0,(anonymous_16)
DA:1,0
DA:2,0
DA:5,0
DA:9,0
DA:16,0
DA:17,0
DA:22,0
DA:23,0
DA:24,0
DA:25,0
DA:27,0
DA:31,0
DA:34,0
DA:35,0
DA:36,0
DA:37,0
DA:38,0
DA:40,0
DA:44,0
DA:45,0
DA:49,0
DA:50,0
DA:51,0
DA:52,0
DA:54,0
DA:55,0
DA:56,0
DA:60,0
DA:61,0
DA:62,0
DA:63,0
DA:65,0
DA:68,0
DA:69,0
DA:73,0
DA:74,0
DA:80,0
DA:81,0
DA:82,0
DA:83,0
DA:85,0
DA:86,0
DA:89,0
DA:90,0
DA:91,0
DA:94,0
DA:100,0
DA:101,0
DA:105,0
DA:110,0
DA:117,0
DA:125,0
DA:129,0
DA:130,0
DA:131,0
DA:132,0
DA:133,0
DA:134,0
DA:138,0
LF:59
LH:0
BRDA:24,0,0,0
BRDA:25,1,0,0
BRDA:25,1,1,0
BRDA:44,2,0,0
BRDA:55,3,0,0
BRDA:68,4,0,0
BRDA:90,5,0,0
BRDA:90,5,1,0
BRDA:91,6,0,0
BRF:9
BRH:0
end_of_record
TN:
SF:src/logger.ts
FN:22,(anonymous_9)
FN:36,(anonymous_10)
FN:58,(anonymous_11)
FN:62,(anonymous_12)
FN:73,(anonymous_13)
FN:80,(anonymous_14)
FN:81,(anonymous_15)
FN:87,(anonymous_16)
FNF:8
FNH:8
FNDA:7,(anonymous_9)
FNDA:7,(anonymous_10)
FNDA:8,(anonymous_11)
FNDA:5,(anonymous_12)
FNDA:2,(anonymous_13)
FNDA:3,(anonymous_14)
FNDA:3,(anonymous_15)
FNDA:1,(anonymous_16)
DA:1,2
DA:2,2
DA:17,2
DA:23,7
DA:24,7
DA:25,7
DA:28,7
DA:29,0
DA:33,7
DA:37,7
DA:49,7
DA:50,7
DA:51,7
DA:52,7
DA:54,0
DA:59,8
DA:63,5
DA:64,5
DA:66,0
DA:74,2
DA:75,2
DA:76,0
DA:78,2
DA:80,3
DA:81,3
DA:88,1
DA:89,1
DA:91,1
DA:92,1
DA:93,1
DA:94,1
DA:96,0
DA:100,1
LF:33
LH:28
BRDA:28,0,0,0
BRDA:75,1,0,0
BRDA:80,2,0,3
BRDA:80,2,1,3
BRF:4
BRH:2
end_of_record
TN:
SF:src/stats-tracker.ts
FN:6,(anonymous_0)
FN:21,(anonymous_1)
FN:39,(anonymous_2)
FN:43,(anonymous_3)
FN:48,(anonymous_4)
FN:53,(anonymous_5)
FN:58,(anonymous_6)
FNF:7
FNH:0
FNDA:0,(anonymous_0)
FNDA:0,(anonymous_1)
FNDA:0,(anonymous_2)
FNDA:0,(anonymous_3)
FNDA:0,(anonymous_4)
FNDA:0,(anonymous_5)
FNDA:0,(anonymous_6)
DA:3,0
DA:7,0
DA:22,0
DA:24,0
DA:25,0
DA:27,0
DA:30,0
DA:31,0
DA:32,0
DA:33,0
DA:34,0
DA:36,0
DA:40,0
DA:44,0
DA:45,0
DA:49,0
DA:50,0
DA:54,0
DA:55,0
DA:59,0
DA:60,0
DA:61,0
DA:62,0
DA:63,0
DA:64,0
DA:65,0
DA:66,0
DA:67,0
DA:68,0
DA:69,0
DA:70,0
DA:71,0
DA:72,0
DA:73,0
DA:74,0
DA:75,0
LF:36
LH:0
BRDA:24,0,0,0
BRDA:24,0,1,0
BRDA:44,1,0,0
BRDA:49,2,0,0
BRDA:54,3,0,0
BRF:5
BRH:0
end_of_record
TN:
SF:src/strategies.ts
FN:17,(anonymous_0)
FN:24,(anonymous_1)
FN:44,(anonymous_2)
FN:68,(anonymous_3)
FN:73,(anonymous_4)
FN:83,(anonymous_5)
FN:98,(anonymous_6)
FN:108,(anonymous_7)
FNF:8
FNH:6
FNDA:32,(anonymous_0)
FNDA:7,(anonymous_1)
FNDA:7,(anonymous_2)
FNDA:3,(anonymous_3)
FNDA:0,(anonymous_4)
FNDA:15,(anonymous_5)
FNDA:0,(anonymous_6)
FNDA:3,(anonymous_7)
DA:12,1
DA:18,32
DA:30,7
DA:31,7
DA:33,7
DA:34,28
DA:35,28
DA:36,28
DA:39,28
DA:40,4
DA:44,24
DA:45,24
DA:48,24
DA:49,24
DA:51,24
DA:60,7
DA:61,1
DA:65,6
DA:68,3
DA:69,1
DA:73,0
DA:74,0
DA:75,0
DA:76,0
DA:78,0
DA:83,15
DA:84,5
DA:87,6
DA:88,6
DA:89,6
DA:91,6
DA:99,0
DA:100,0
DA:101,0
DA:102,0
DA:109,3
DA:110,3
DA:111,3
LF:38
LH:29
BRDA:39,0,0,4
BRDA:39,1,0,28
BRDA:39,1,1,24
BRDA:45,2,0,2
BRDA:45,2,1,22
BRDA:48,3,0,24
BRDA:48,3,1,22
BRDA:56,4,0,2
BRDA:56,4,1,22
BRDA:60,5,0,1
BRDA:65,6,0,1
BRDA:65,6,1,0
BRDA:65,6,2,5
BRDA:65,6,3,5
BRF:14
BRH:13
end_of_record
